<?xml version="1.0" encoding="UTF-8"?>
<!-- Generated by org.testng.reporters.JUnitReportReporter -->
<testsuite hostname="BLRL58991" failures="0" tests="2" name="tests.FirstScenario" time="27.484" errors="0" timestamp="2021-01-17T12:08:38 IST" skipped="0">
  <testcase classname="tests.FirstScenario" name="placeorderandcheckout" time="20.505"/>
  <system-out/>
  <testcase classname="tests.FirstScenario" name="init" time="6.979"/>
  <system-out/>
</testsuite> <!-- tests.FirstScenario -->
